<?xml version="1.0" encoding="UTF-8"?>
<!-- Generated by org.testng.reporters.JUnitReportReporter -->
<testsuite hostname="Colosus" failures="2" tests="3" name="com.crowdar.bdd.cukes.TestNGSecuencialRunner" time="26.768" errors="0" timestamp="29 jul. 2021 20:18:07 GMT" skipped="0">
  <testcase classname="com.crowdar.bdd.cukes.TestNGSecuencialRunner" name="runScenario" time="7.649">
    <failure message="The following asserts failed:
	expected [cryptocurrency] but found [shares],
	expected [cryptocurrency] but found [shares],
	expected [cryptocurrency] but found [shares],
	expected [cryptocurrency] but found [shares],
	expected [cryptocurrency] but found [shares],
	expected [cryptocurrency] but found [shares],
	expected [cryptocurrency] but found [shares],
	expected [cryptocurrency] but found [shares],
	expected [cryptocurrency] but found [shares],
	expected [cryptocurrency] but found [shares],
	expected [cryptocurrency] but found [shares],
	expected [cryptocurrency] but found [shares],
	expected [cryptocurrency] but found [shares],
	expected [cryptocurrency] but found [shares],
	expected [cryptocurrency] but found [shares],
	expected [cryptocurrency] but found [shares],
	expected [cryptocurrency] but found [shares],
	expected [cryptocurrency] but found [shares],
	expected [cryptocurrency] but found [shares],
	expected [cryptocurrency] but found [shares],
	expected [cryptocurrency] but found [shares],
	expected [cryptocurrency] but found [shares]" type="java.lang.AssertionError">
      <![CDATA[java.lang.AssertionError: The following asserts failed:
expected [cryptocurrency] but found [shares],
expected [cryptocurrency] but found [shares],
expected [cryptocurrency] but found [shares],
expected [cryptocurrency] but found [shares],
expected [cryptocurrency] but found [shares],
expected [cryptocurrency] but found [shares],
expected [cryptocurrency] but found [shares],
expected [cryptocurrency] but found [shares],
expected [cryptocurrency] but found [shares],
expected [cryptocurrency] but found [shares],
expected [cryptocurrency] but found [shares],
expected [cryptocurrency] but found [shares],
expected [cryptocurrency] but found [shares],
expected [cryptocurrency] but found [shares],
expected [cryptocurrency] but found [shares],
expected [cryptocurrency] but found [shares],
expected [cryptocurrency] but found [shares],
expected [cryptocurrency] but found [shares],
expected [cryptocurrency] but found [shares],
expected [cryptocurrency] but found [shares],
expected [cryptocurrency] but found [shares],
expected [cryptocurrency] but found [shares]
at org.testng.asserts.SoftAssert.assertAll(SoftAssert.java:43)
at testingUY.web.services.WikipediaService.verifySearch(WikipediaService.java:32)
at testingUY.web.steps.WikipediaSteps.verifyCorrectSearch(WikipediaSteps.java:21)
at ✽.The Shares is searched correctly(file:src/test/resources/web/features/wikipediaSearchMix.feature:67)
]]>
    </failure>
  </testcase> <!-- runScenario -->
  <testcase classname="com.crowdar.bdd.cukes.TestNGSecuencialRunner" name="runScenario" time="12.162">
    <failure message="The following asserts failed:
	expected [cryptocurrency] but found [shares],
	expected [cryptocurrency] but found [shares],
	expected [cryptocurrency] but found [shares],
	expected [cryptocurrency] but found [shares],
	expected [cryptocurrency] but found [shares],
	expected [cryptocurrency] but found [shares],
	expected [cryptocurrency] but found [shares],
	expected [cryptocurrency] but found [shares],
	expected [cryptocurrency] but found [shares],
	expected [cryptocurrency] but found [shares],
	expected [cryptocurrency] but found [shares],
	expected [cryptocurrency] but found [shares],
	expected [cryptocurrency] but found [shares],
	expected [cryptocurrency] but found [shares],
	expected [cryptocurrency] but found [shares],
	expected [cryptocurrency] but found [shares],
	expected [cryptocurrency] but found [shares],
	expected [cryptocurrency] but found [shares],
	expected [cryptocurrency] but found [shares],
	expected [cryptocurrency] but found [shares],
	expected [cryptocurrency] but found [shares],
	expected [cryptocurrency] but found [shares]" type="java.lang.AssertionError">
      <![CDATA[java.lang.AssertionError: The following asserts failed:
expected [cryptocurrency] but found [shares],
expected [cryptocurrency] but found [shares],
expected [cryptocurrency] but found [shares],
expected [cryptocurrency] but found [shares],
expected [cryptocurrency] but found [shares],
expected [cryptocurrency] but found [shares],
expected [cryptocurrency] but found [shares],
expected [cryptocurrency] but found [shares],
expected [cryptocurrency] but found [shares],
expected [cryptocurrency] but found [shares],
expected [cryptocurrency] but found [shares],
expected [cryptocurrency] but found [shares],
expected [cryptocurrency] but found [shares],
expected [cryptocurrency] but found [shares],
expected [cryptocurrency] but found [shares],
expected [cryptocurrency] but found [shares],
expected [cryptocurrency] but found [shares],
expected [cryptocurrency] but found [shares],
expected [cryptocurrency] but found [shares],
expected [cryptocurrency] but found [shares],
expected [cryptocurrency] but found [shares],
expected [cryptocurrency] but found [shares]
at org.testng.asserts.SoftAssert.assertAll(SoftAssert.java:43)
at testingUY.web.services.WikipediaService.verifySearch(WikipediaService.java:32)
at testingUY.web.steps.WikipediaSteps.verifyCorrectSearch(WikipediaSteps.java:21)
at ✽.The Shares is searched correctly(file:src/test/resources/web/features/wikipediaSearchFails.feature:7)
]]>
    </failure>
  </testcase> <!-- runScenario -->
  <testcase classname="com.crowdar.bdd.cukes.TestNGSecuencialRunner" name="runScenario" time="6.957"/>
</testsuite> <!-- com.crowdar.bdd.cukes.TestNGSecuencialRunner -->
