<?xml version="1.0" encoding="UTF-8"?>
<!-- Generated by org.testng.reporters.JUnitXMLReporter -->
<testsuite ignored="0" hostname="Colosus" failures="2" tests="3" name="TestNg Secuencial runner Tests" time="27.302" errors="0" timestamp="29 jul. 2021 20:18:07 GMT">
  <testcase classname="cucumber.api.testng.AbstractTestNGCucumberTests" name="runScenario" time="12.162">
    <failure type="java.lang.AssertionError" message="The following asserts failed:
	expected [cryptocurrency] but found [shares],
	expected [cryptocurrency] but found [shares],
	expected [cryptocurrency] but found [shares],
	expected [cryptocurrency] but found [shares],
	expected [cryptocurrency] but found [shares],
	expected [cryptocurrency] but found [shares],
	expected [cryptocurrency] but found [shares],
	expected [cryptocurrency] but found [shares],
	expected [cryptocurrency] but found [shares],
	expected [cryptocurrency] but found [shares],
	expected [cryptocurrency] but found [shares],
	expected [cryptocurrency] but found [shares],
	expected [cryptocurrency] but found [shares],
	expected [cryptocurrency] but found [shares],
	expected [cryptocurrency] but found [shares],
	expected [cryptocurrency] but found [shares],
	expected [cryptocurrency] but found [shares],
	expected [cryptocurrency] but found [shares],
	expected [cryptocurrency] but found [shares],
	expected [cryptocurrency] but found [shares],
	expected [cryptocurrency] but found [shares],
	expected [cryptocurrency] but found [shares]">
      <![CDATA[java.lang.AssertionError: The following asserts failed:
expected [cryptocurrency] but found [shares],
expected [cryptocurrency] but found [shares],
expected [cryptocurrency] but found [shares],
expected [cryptocurrency] but found [shares],
expected [cryptocurrency] but found [shares],
expected [cryptocurrency] but found [shares],
expected [cryptocurrency] but found [shares],
expected [cryptocurrency] but found [shares],
expected [cryptocurrency] but found [shares],
expected [cryptocurrency] but found [shares],
expected [cryptocurrency] but found [shares],
expected [cryptocurrency] but found [shares],
expected [cryptocurrency] but found [shares],
expected [cryptocurrency] but found [shares],
expected [cryptocurrency] but found [shares],
expected [cryptocurrency] but found [shares],
expected [cryptocurrency] but found [shares],
expected [cryptocurrency] but found [shares],
expected [cryptocurrency] but found [shares],
expected [cryptocurrency] but found [shares],
expected [cryptocurrency] but found [shares],
expected [cryptocurrency] but found [shares]
at testingUY.web.services.WikipediaService.verifySearch(WikipediaService.java:32)
at testingUY.web.steps.WikipediaSteps.verifyCorrectSearch(WikipediaSteps.java:21)
at ✽.The Shares is searched correctly(file:src/test/resources/web/features/wikipediaSearchFails.feature:7)
... Removed 1 stack frames]]>
    </failure>
  </testcase> <!-- runScenario -->
  <testcase classname="cucumber.api.testng.AbstractTestNGCucumberTests" name="runScenario" time="7.649">
    <failure type="java.lang.AssertionError" message="The following asserts failed:
	expected [cryptocurrency] but found [shares],
	expected [cryptocurrency] but found [shares],
	expected [cryptocurrency] but found [shares],
	expected [cryptocurrency] but found [shares],
	expected [cryptocurrency] but found [shares],
	expected [cryptocurrency] but found [shares],
	expected [cryptocurrency] but found [shares],
	expected [cryptocurrency] but found [shares],
	expected [cryptocurrency] but found [shares],
	expected [cryptocurrency] but found [shares],
	expected [cryptocurrency] but found [shares],
	expected [cryptocurrency] but found [shares],
	expected [cryptocurrency] but found [shares],
	expected [cryptocurrency] but found [shares],
	expected [cryptocurrency] but found [shares],
	expected [cryptocurrency] but found [shares],
	expected [cryptocurrency] but found [shares],
	expected [cryptocurrency] but found [shares],
	expected [cryptocurrency] but found [shares],
	expected [cryptocurrency] but found [shares],
	expected [cryptocurrency] but found [shares],
	expected [cryptocurrency] but found [shares]">
      <![CDATA[java.lang.AssertionError: The following asserts failed:
expected [cryptocurrency] but found [shares],
expected [cryptocurrency] but found [shares],
expected [cryptocurrency] but found [shares],
expected [cryptocurrency] but found [shares],
expected [cryptocurrency] but found [shares],
expected [cryptocurrency] but found [shares],
expected [cryptocurrency] but found [shares],
expected [cryptocurrency] but found [shares],
expected [cryptocurrency] but found [shares],
expected [cryptocurrency] but found [shares],
expected [cryptocurrency] but found [shares],
expected [cryptocurrency] but found [shares],
expected [cryptocurrency] but found [shares],
expected [cryptocurrency] but found [shares],
expected [cryptocurrency] but found [shares],
expected [cryptocurrency] but found [shares],
expected [cryptocurrency] but found [shares],
expected [cryptocurrency] but found [shares],
expected [cryptocurrency] but found [shares],
expected [cryptocurrency] but found [shares],
expected [cryptocurrency] but found [shares],
expected [cryptocurrency] but found [shares]
at testingUY.web.services.WikipediaService.verifySearch(WikipediaService.java:32)
at testingUY.web.steps.WikipediaSteps.verifyCorrectSearch(WikipediaSteps.java:21)
at ✽.The Shares is searched correctly(file:src/test/resources/web/features/wikipediaSearchMix.feature:67)
... Removed 1 stack frames]]>
    </failure>
  </testcase> <!-- runScenario -->
  <testcase classname="cucumber.api.testng.AbstractTestNGCucumberTests" name="runScenario" time="6.957"/>
</testsuite> <!-- TestNg Secuencial runner Tests -->
