<html>
<head>
<title>TestNG:  TestNg Secuencial runner Tests</title>
<link href="../testng.css" rel="stylesheet" type="text/css" />
<link href="../my-testng.css" rel="stylesheet" type="text/css" />

<style type="text/css">
.log { display: none;} 
.stack-trace { display: none;} 
</style>
<script type="text/javascript">
<!--
function flip(e) {
  current = e.style.display;
  if (current == 'block') {
    e.style.display = 'none';
    return 0;
  }
  else {
    e.style.display = 'block';
    return 1;
  }
}

function toggleBox(szDivId, elem, msg1, msg2)
{
  var res = -1;  if (document.getElementById) {
    res = flip(document.getElementById(szDivId));
  }
  else if (document.all) {
    // this is the way old msie versions work
    res = flip(document.all[szDivId]);
  }
  if(elem) {
    if(res == 0) elem.innerHTML = msg1; else elem.innerHTML = msg2;
  }

}

function toggleAllBoxes() {
  if (document.getElementsByTagName) {
    d = document.getElementsByTagName('div');
    for (i = 0; i < d.length; i++) {
      if (d[i].className == 'log') {
        flip(d[i]);
      }
    }
  }
}

// -->
</script>

</head>
<body>
<h2 align='center'>TestNg Secuencial runner Tests</h2><table border='1' align="center">
<tr>
<td>Tests passed/Failed/Skipped:</td><td>1/2/0</td>
</tr><tr>
<td>Started on:</td><td>Thu Jul 29 17:17:40 ART 2021</td>
</tr>
<tr><td>Total time:</td><td>27 seconds (27302 ms)</td>
</tr><tr>
<td>Included groups:</td><td></td>
</tr><tr>
<td>Excluded groups:</td><td></td>
</tr>
</table><p/>
<small><i>(Hover the method name to see the test class name)</i></small><p/>
<table width='100%' border='1' class='invocation-failed'>
<tr><td colspan='4' align='center'><b>FAILED TESTS</b></td></tr>
<tr><td><b>Test method</b></td>
<td width="30%"><b>Exception</b></td>
<td width="10%"><b>Time (seconds)</b></td>
<td><b>Instance</b></td>
</tr>
<tr>
<td title='com.crowdar.bdd.cukes.TestNGSecuencialRunner.runScenario()'><b>runScenario</b><br>Test class: com.crowdar.bdd.cukes.TestNGSecuencialRunner<br>Test method: Runs Cucumber Scenarios<br>Parameters: "Search in Wikipedia fail: Cryptocurrency with Shares", "Wikipedia Fail"</td>
<td><div><pre>java.lang.AssertionError: The following asserts failed:
	expected [cryptocurrency] but found [shares],
	expected [cryptocurrency] but found [shares],
	expected [cryptocurrency] but found [shares],
	expected [cryptocurrency] but found [shares],
	expected [cryptocurrency] but found [shares],
	expected [cryptocurrency] but found [shares],
	expected [cryptocurrency] but found [shares],
	expected [cryptocurrency] but found [shares],
	expected [cryptocurrency] but found [shares],
	expected [cryptocurrency] but found [shares],
	expected [cryptocurrency] but found [shares],
	expected [cryptocurrency] but found [shares],
	expected [cryptocurrency] but found [shares],
	expected [cryptocurrency] but found [shares],
	expected [cryptocurrency] but found [shares],
	expected [cryptocurrency] but found [shares],
	expected [cryptocurrency] but found [shares],
	expected [cryptocurrency] but found [shares],
	expected [cryptocurrency] but found [shares],
	expected [cryptocurrency] but found [shares],
	expected [cryptocurrency] but found [shares],
	expected [cryptocurrency] but found [shares]
	at testingUY.web.services.WikipediaService.verifySearch(WikipediaService.java:32)
	at testingUY.web.steps.WikipediaSteps.verifyCorrectSearch(WikipediaSteps.java:21)
	at ✽.The Shares is searched correctly(file:src/test/resources/web/features/wikipediaSearchFails.feature:7)
... Removed 1 stack frames</pre></div><a href='#' onClick='toggleBox("stack-trace49234712", this, "Click to show all stack frames", "Click to hide stack frames")'>Click to show all stack frames</a>
<div class='stack-trace' id='stack-trace49234712'><pre>java.lang.AssertionError: The following asserts failed:
	expected [cryptocurrency] but found [shares],
	expected [cryptocurrency] but found [shares],
	expected [cryptocurrency] but found [shares],
	expected [cryptocurrency] but found [shares],
	expected [cryptocurrency] but found [shares],
	expected [cryptocurrency] but found [shares],
	expected [cryptocurrency] but found [shares],
	expected [cryptocurrency] but found [shares],
	expected [cryptocurrency] but found [shares],
	expected [cryptocurrency] but found [shares],
	expected [cryptocurrency] but found [shares],
	expected [cryptocurrency] but found [shares],
	expected [cryptocurrency] but found [shares],
	expected [cryptocurrency] but found [shares],
	expected [cryptocurrency] but found [shares],
	expected [cryptocurrency] but found [shares],
	expected [cryptocurrency] but found [shares],
	expected [cryptocurrency] but found [shares],
	expected [cryptocurrency] but found [shares],
	expected [cryptocurrency] but found [shares],
	expected [cryptocurrency] but found [shares],
	expected [cryptocurrency] but found [shares]
	at org.testng.asserts.SoftAssert.assertAll(SoftAssert.java:43)
	at testingUY.web.services.WikipediaService.verifySearch(WikipediaService.java:32)
	at testingUY.web.steps.WikipediaSteps.verifyCorrectSearch(WikipediaSteps.java:21)
	at ✽.The Shares is searched correctly(file:src/test/resources/web/features/wikipediaSearchFails.feature:7)
</pre></div></td>
<td>12</td>
<td>com.crowdar.bdd.cukes.TestNGSecuencialRunner@6313b441</td></tr>
<tr>
<td title='com.crowdar.bdd.cukes.TestNGSecuencialRunner.runScenario()'><b>runScenario</b><br>Test class: com.crowdar.bdd.cukes.TestNGSecuencialRunner<br>Test method: Runs Cucumber Scenarios<br>Parameters: "m Search in Wikipedia fail: Cryptocurrency with Shares", "Wikipedia Success/Fail"</td>
<td><div><pre>java.lang.AssertionError: The following asserts failed:
	expected [cryptocurrency] but found [shares],
	expected [cryptocurrency] but found [shares],
	expected [cryptocurrency] but found [shares],
	expected [cryptocurrency] but found [shares],
	expected [cryptocurrency] but found [shares],
	expected [cryptocurrency] but found [shares],
	expected [cryptocurrency] but found [shares],
	expected [cryptocurrency] but found [shares],
	expected [cryptocurrency] but found [shares],
	expected [cryptocurrency] but found [shares],
	expected [cryptocurrency] but found [shares],
	expected [cryptocurrency] but found [shares],
	expected [cryptocurrency] but found [shares],
	expected [cryptocurrency] but found [shares],
	expected [cryptocurrency] but found [shares],
	expected [cryptocurrency] but found [shares],
	expected [cryptocurrency] but found [shares],
	expected [cryptocurrency] but found [shares],
	expected [cryptocurrency] but found [shares],
	expected [cryptocurrency] but found [shares],
	expected [cryptocurrency] but found [shares],
	expected [cryptocurrency] but found [shares]
	at testingUY.web.services.WikipediaService.verifySearch(WikipediaService.java:32)
	at testingUY.web.steps.WikipediaSteps.verifyCorrectSearch(WikipediaSteps.java:21)
	at ✽.The Shares is searched correctly(file:src/test/resources/web/features/wikipediaSearchMix.feature:67)
... Removed 1 stack frames</pre></div><a href='#' onClick='toggleBox("stack-trace1816918335", this, "Click to show all stack frames", "Click to hide stack frames")'>Click to show all stack frames</a>
<div class='stack-trace' id='stack-trace1816918335'><pre>java.lang.AssertionError: The following asserts failed:
	expected [cryptocurrency] but found [shares],
	expected [cryptocurrency] but found [shares],
	expected [cryptocurrency] but found [shares],
	expected [cryptocurrency] but found [shares],
	expected [cryptocurrency] but found [shares],
	expected [cryptocurrency] but found [shares],
	expected [cryptocurrency] but found [shares],
	expected [cryptocurrency] but found [shares],
	expected [cryptocurrency] but found [shares],
	expected [cryptocurrency] but found [shares],
	expected [cryptocurrency] but found [shares],
	expected [cryptocurrency] but found [shares],
	expected [cryptocurrency] but found [shares],
	expected [cryptocurrency] but found [shares],
	expected [cryptocurrency] but found [shares],
	expected [cryptocurrency] but found [shares],
	expected [cryptocurrency] but found [shares],
	expected [cryptocurrency] but found [shares],
	expected [cryptocurrency] but found [shares],
	expected [cryptocurrency] but found [shares],
	expected [cryptocurrency] but found [shares],
	expected [cryptocurrency] but found [shares]
	at org.testng.asserts.SoftAssert.assertAll(SoftAssert.java:43)
	at testingUY.web.services.WikipediaService.verifySearch(WikipediaService.java:32)
	at testingUY.web.steps.WikipediaSteps.verifyCorrectSearch(WikipediaSteps.java:21)
	at ✽.The Shares is searched correctly(file:src/test/resources/web/features/wikipediaSearchMix.feature:67)
</pre></div></td>
<td>7</td>
<td>com.crowdar.bdd.cukes.TestNGSecuencialRunner@6313b441</td></tr>
</table><p>
<table width='100%' border='1' class='invocation-passed'>
<tr><td colspan='4' align='center'><b>PASSED TESTS</b></td></tr>
<tr><td><b>Test method</b></td>
<td width="30%"><b>Exception</b></td>
<td width="10%"><b>Time (seconds)</b></td>
<td><b>Instance</b></td>
</tr>
<tr>
<td title='com.crowdar.bdd.cukes.TestNGSecuencialRunner.runScenario()'><b>runScenario</b><br>Test class: com.crowdar.bdd.cukes.TestNGSecuencialRunner<br>Test method: Runs Cucumber Scenarios<br>Parameters: "s Search in Wikipedia success: Cryptocurrency", "Wikipedia success"</td>
<td></td>
<td>6</td>
<td>com.crowdar.bdd.cukes.TestNGSecuencialRunner@6313b441</td></tr>
</table><p>
</body>
</html>